#
# A fatal error has been detected by the Java Runtime Environment:
#
#  EXCEPTION_ACCESS_VIOLATION (0xc0000005) at pc=0x000000005344572a, pid=3248, tid=0x0000000000004094
#
# JRE version: Java(TM) SE Runtime Environment (8.0_111-b14) (build 1.8.0_111-b14)
# Java VM: Java HotSpot(TM) 64-Bit Server VM (25.111-b14 mixed mode windows-amd64 compressed oops)
# Problematic frame:
# C  [prism_common.dll+0x572a]
#
# Failed to write core dump. Minidumps are not enabled by default on client versions of Windows
#
# If you would like to submit a bug report, please visit:
#   http://bugreport.java.com/bugreport/crash.jsp
# The crash happened outside the Java Virtual Machine in native code.
# See problematic frame for where to report the bug.
#

---------------  T H R E A D  ---------------

Current thread (0x0000000019b52800):  JavaThread "QuantumRenderer-0" daemon [_thread_in_native, id=16532, stack(0x000000001a350000,0x000000001a450000)]

siginfo: ExceptionCode=0xc0000005, writing address 0x000000002486c000

Registers:
RAX=0x00000000000002ef, RBX=0x0000000000000000, RCX=0x000000000000143e, RDX=0x000000002486c004
RSP=0x000000001a44bd70, RBP=0x0000000000000000, RSI=0x000000001a44be28, RDI=0x000000000003aef5
R8 =0x0000000000bd0d80, R9 =0x0000000000008000, R10=0x000000000000001b, R11=0x00007ffa28f49400
R12=0x0000000024780430, R13=0x000000001a44cf90, R14=0x0000000024780430, R15=0x0000000039ec1040
RIP=0x000000005344572a, EFLAGS=0x0000000000010206

Top of Stack: (sp=0x000000001a44bd70)
0x000000001a44bd70:   000000001a44be00 00000000000002e8
0x000000001a44bd80:   0000000000000000 00007ffa03027795
0x000000001a44bd90:   0000000000000028 0000000000000028
0x000000001a44bda0:   000000001a44c660 00000000511e0000
0x000000001a44bdb0:   000000001a44cf90 00007ffa03026d11
0x000000001a44bdc0:   0000000024287290 0000000024288490
0x000000001a44bdd0:   0000000000000f10 0000000000000de8
0x000000001a44bde0:   000000001a44cf90 000000005344502d
0x000000001a44bdf0:   0000000000000004 000000001a44be60
0x000000001a44be00:   0000000000000003 00000000000002e8
0x000000001a44be10:   000001e20000005d 000000001a44cf00
0x000000001a44be20:   ffffffff1ef0bd88 0000000024287290
0x000000001a44be30:   000000000000000a 0000000024780430
0x000000001a44be40:   000000000003a97c 0000000000000ded
0x000000001a44be50:   000000001a44cf90 000000001981f0d8
0x000000001a44be60:   0000000000000000 0000000000000000 

Instructions: (pc=0x000000005344572a)
0x000000005344570a:   78 48 8b 8c 24 80 00 00 00 4c 8b 66 10 8b 0c c8
0x000000005344571a:   85 c9 74 1d 49 8d 14 ac ff c9 ff c7 48 8d 52 04
0x000000005344572a:   89 4a fc 48 63 c1 f3 41 0f 2c 4c 87 10 85 c9 75
0x000000005344573a:   e7 48 8b 2e 4c 89 66 10 89 7e 1c 39 7e 08 7d 24 


Register to memory mapping:

RAX=0x00000000000002ef is an unknown value
RBX=0x0000000000000000 is an unknown value
RCX=0x000000000000143e is an unknown value
RDX=0x000000002486c004 is an unknown value
RSP=0x000000001a44bd70 is pointing into the stack for thread: 0x0000000019b52800
RBP=0x0000000000000000 is an unknown value
RSI=0x000000001a44be28 is pointing into the stack for thread: 0x0000000019b52800
RDI=0x000000000003aef5 is an unknown value
R8 =0x0000000000bd0d80 is an unknown value
R9 =0x0000000000008000 is an unknown value
R10=0x000000000000001b is an unknown value
R11=0x00007ffa28f49400 is an unknown value
R12=0x0000000024780430 is an unknown value
R13=0x000000001a44cf90 is pointing into the stack for thread: 0x0000000019b52800
R14=0x0000000024780430 is an unknown value
R15=0x0000000039ec1040 is an unknown value


Stack: [0x000000001a350000,0x000000001a450000],  sp=0x000000001a44bd70,  free space=1007k
Native frames: (J=compiled Java code, j=interpreted, Vv=VM code, C=native code)

Java frames: (J=compiled Java code, j=interpreted, Vv=VM code)
j  com.sun.prism.impl.shape.NativePiscesRasterizer.produceStrokeAlphas([F[BIFIIF[FFDDDDDD[I[B)V+0
j  com.sun.prism.impl.shape.NativePiscesRasterizer.getMaskData(Lcom/sun/javafx/geom/Shape;Lcom/sun/prism/BasicStroke;Lcom/sun/javafx/geom/RectBounds;Lcom/sun/javafx/geom/transform/BaseTransform;ZZ)Lcom/sun/prism/impl/shape/MaskData;+487
j  com.sun.prism.impl.shape.ShapeUtil.rasterizeShape(Lcom/sun/javafx/geom/Shape;Lcom/sun/prism/BasicStroke;Lcom/sun/javafx/geom/RectBounds;Lcom/sun/javafx/geom/transform/BaseTransform;ZZ)Lcom/sun/prism/impl/shape/MaskData;+11
j  com.sun.prism.impl.ps.CachingShapeRepState$MaskCache.get(Lcom/sun/prism/impl/ps/BaseShaderContext;Lcom/sun/prism/impl/ps/CachingShapeRepState$MaskTexData;Lcom/sun/javafx/geom/Shape;Lcom/sun/prism/BasicStroke;Lcom/sun/javafx/geom/transform/BaseTransform;Lcom/sun/javafx/geom/RectBounds;ZZ)V+284
j  com.sun.prism.impl.ps.CachingShapeRepState.render(Lcom/sun/prism/Graphics;Lcom/sun/javafx/geom/Shape;Lcom/sun/javafx/geom/RectBounds;Lcom/sun/prism/BasicStroke;)V+367
j  com.sun.prism.impl.ps.CachingShapeRep.draw(Lcom/sun/prism/Graphics;Lcom/sun/javafx/geom/Shape;Lcom/sun/javafx/geom/BaseBounds;)V+31
j  com.sun.javafx.sg.prism.NGShape.renderContent2D(Lcom/sun/prism/Graphics;Z)V+144
j  com.sun.javafx.sg.prism.NGShape.renderContent(Lcom/sun/prism/Graphics;)V+454
j  com.sun.javafx.sg.prism.NGNode.doRender(Lcom/sun/prism/Graphics;)V+330
J 3782 C2 com.sun.javafx.sg.prism.NGNode.render(Lcom/sun/prism/Graphics;)V (38 bytes) @ 0x000000000341f588 [0x000000000341f460+0x128]
J 3788 C1 com.sun.javafx.sg.prism.NGGroup.renderContent(Lcom/sun/prism/Graphics;)V (436 bytes) @ 0x00000000033dc7ac [0x00000000033db9c0+0xdec]
j  com.sun.javafx.sg.prism.NGNode.renderForClip(Lcom/sun/prism/Graphics;)V+17
j  com.sun.javafx.sg.prism.NGNode.renderRectClip(Lcom/sun/prism/Graphics;Lcom/sun/javafx/sg/prism/NGRectangle;)V+106
j  com.sun.javafx.sg.prism.NGNode.renderClip(Lcom/sun/prism/Graphics;)V+83
j  com.sun.javafx.sg.prism.NGNode.doRender(Lcom/sun/prism/Graphics;)V+285
J 3782 C2 com.sun.javafx.sg.prism.NGNode.render(Lcom/sun/prism/Graphics;)V (38 bytes) @ 0x000000000341f588 [0x000000000341f460+0x128]
J 3788 C1 com.sun.javafx.sg.prism.NGGroup.renderContent(Lcom/sun/prism/Graphics;)V (436 bytes) @ 0x00000000033dc7ac [0x00000000033db9c0+0xdec]
j  com.sun.javafx.sg.prism.NGRegion.renderContent(Lcom/sun/prism/Graphics;)V+111
j  com.sun.javafx.sg.prism.NGNode.doRender(Lcom/sun/prism/Graphics;)V+330
J 3782 C2 com.sun.javafx.sg.prism.NGNode.render(Lcom/sun/prism/Graphics;)V (38 bytes) @ 0x000000000341f54c [0x000000000341f460+0xec]
J 3788 C1 com.sun.javafx.sg.prism.NGGroup.renderContent(Lcom/sun/prism/Graphics;)V (436 bytes) @ 0x00000000033dc7ac [0x00000000033db9c0+0xdec]
j  com.sun.javafx.sg.prism.NGRegion.renderContent(Lcom/sun/prism/Graphics;)V+111
j  com.sun.javafx.sg.prism.NGNode.doRender(Lcom/sun/prism/Graphics;)V+330
J 3782 C2 com.sun.javafx.sg.prism.NGNode.render(Lcom/sun/prism/Graphics;)V (38 bytes) @ 0x000000000341f54c [0x000000000341f460+0xec]
J 3788 C1 com.sun.javafx.sg.prism.NGGroup.renderContent(Lcom/sun/prism/Graphics;)V (436 bytes) @ 0x00000000033dc7ac [0x00000000033db9c0+0xdec]
j  com.sun.javafx.sg.prism.NGRegion.renderContent(Lcom/sun/prism/Graphics;)V+111
j  com.sun.javafx.sg.prism.NGNode.doRender(Lcom/sun/prism/Graphics;)V+330
J 3782 C2 com.sun.javafx.sg.prism.NGNode.render(Lcom/sun/prism/Graphics;)V (38 bytes) @ 0x000000000341f54c [0x000000000341f460+0xec]
j  com.sun.javafx.tk.quantum.ViewPainter.doPaint(Lcom/sun/prism/Graphics;Lcom/sun/javafx/sg/prism/NodePath;)V+201
j  com.sun.javafx.tk.quantum.ViewPainter.paintImpl(Lcom/sun/prism/Graphics;)V+982
j  com.sun.javafx.tk.quantum.PresentingPainter.run()V+326
j  java.util.concurrent.Executors$RunnableAdapter.call()Ljava/lang/Object;+4
j  java.util.concurrent.FutureTask.runAndReset()Z+47
j  com.sun.javafx.tk.RenderJob.run()V+1
j  java.util.concurrent.ThreadPoolExecutor.runWorker(Ljava/util/concurrent/ThreadPoolExecutor$Worker;)V+95
j  java.util.concurrent.ThreadPoolExecutor$Worker.run()V+5
j  com.sun.javafx.tk.quantum.QuantumRenderer$PipelineRunnable.run()V+8
j  java.lang.Thread.run()V+11
v  ~StubRoutines::call_stub

---------------  P R O C E S S  ---------------

Java Threads: ( => current thread )
  0x0000000021505800 JavaThread "Prism Font Disposer" daemon [_thread_blocked, id=17096, stack(0x0000000022f20000,0x0000000023020000)]
  0x0000000019bce000 JavaThread "Thread-3" daemon [_thread_in_native, id=14592, stack(0x000000001f0d0000,0x000000001f1d0000)]
  0x0000000019bb7800 JavaThread "JavaFX Application Thread" [_thread_in_native, id=6372, stack(0x000000001a700000,0x000000001a800000)]
  0x0000000019bb6800 JavaThread "Thread-2" daemon [_thread_blocked, id=15488, stack(0x000000001a600000,0x000000001a700000)]
=>0x0000000019b52800 JavaThread "QuantumRenderer-0" daemon [_thread_in_native, id=16532, stack(0x000000001a350000,0x000000001a450000)]
  0x00000000197df000 JavaThread "JavaFX-Launcher" [_thread_blocked, id=18172, stack(0x0000000019a50000,0x0000000019b50000)]
  0x0000000019470800 JavaThread "Service Thread" daemon [_thread_blocked, id=15228, stack(0x0000000019850000,0x0000000019950000)]
  0x0000000017b07000 JavaThread "C1 CompilerThread2" daemon [_thread_blocked, id=15044, stack(0x0000000019350000,0x0000000019450000)]
  0x0000000017b04800 JavaThread "C2 CompilerThread1" daemon [_thread_blocked, id=16580, stack(0x0000000019250000,0x0000000019350000)]
  0x0000000017aff800 JavaThread "C2 CompilerThread0" daemon [_thread_blocked, id=14248, stack(0x0000000019150000,0x0000000019250000)]
  0x0000000017afd800 JavaThread "Attach Listener" daemon [_thread_blocked, id=11944, stack(0x0000000019050000,0x0000000019150000)]
  0x0000000017afc800 JavaThread "Signal Dispatcher" daemon [_thread_blocked, id=5492, stack(0x0000000018f50000,0x0000000019050000)]
  0x0000000002fbc000 JavaThread "Finalizer" daemon [_thread_blocked, id=10612, stack(0x0000000018d50000,0x0000000018e50000)]
  0x0000000002fb3000 JavaThread "Reference Handler" daemon [_thread_blocked, id=13900, stack(0x0000000018c50000,0x0000000018d50000)]
  0x0000000002dbe000 JavaThread "main" [_thread_blocked, id=9692, stack(0x0000000002dc0000,0x0000000002ec0000)]

Other Threads:
  0x0000000017ac7800 VMThread [stack: 0x0000000018b50000,0x0000000018c50000] [id=17688]
  0x00000000194b4800 WatcherThread [stack: 0x0000000019950000,0x0000000019a50000] [id=6164]

VM state:not at safepoint (normal execution)

VM Mutex/Monitor currently owned by a thread: None

Heap:
 PSYoungGen      total 412672K, used 164904K [0x00000000d5e00000, 0x00000000f4680000, 0x0000000100000000)
  eden space 328704K, 46% used [0x00000000d5e00000,0x00000000df1b0d38,0x00000000e9f00000)
  from space 83968K, 16% used [0x00000000e9f00000,0x00000000eac593e8,0x00000000ef100000)
  to   space 77312K, 0% used [0x00000000efb00000,0x00000000efb00000,0x00000000f4680000)
 ParOldGen       total 1106944K, used 974026K [0x0000000081a00000, 0x00000000c5300000, 0x00000000d5e00000)
  object space 1106944K, 87% used [0x0000000081a00000,0x00000000bd132a88,0x00000000c5300000)
 Metaspace       used 14719K, capacity 15228K, committed 15488K, reserved 1062912K
  class space    used 1989K, capacity 2113K, committed 2176K, reserved 1048576K

Card table byte_map: [0x0000000012380000,0x0000000012780000] byte_map_base: 0x0000000011f73000

Marking Bits: (ParMarkBitMap*) 0x000000005193a6c0
 Begin Bits: [0x0000000012e30000, 0x0000000014dc8000)
 End Bits:   [0x0000000014dc8000, 0x0000000016d60000)

Polling page: 0x0000000002d50000

CodeCache: size=245760Kb used=8695Kb max_used=10611Kb free=237064Kb
 bounds [0x0000000002fc0000, 0x0000000003a30000, 0x0000000011fc0000]
 total_blobs=3218 nmethods=2595 adapters=535
 compilation: enabled

Compilation events (10 events):
Event: 726.490 Thread 0x0000000017b07000 nmethod 3914 0x00000000031f4b90 code [0x00000000031f4d20, 0x00000000031f5158]
Event: 726.490 Thread 0x0000000017b07000 3916  s    3       com.sun.javafx.font.PrismFontFactory::getFontFactory (232 bytes)
Event: 726.491 Thread 0x0000000017b07000 nmethod 3916 0x00000000030f2350 code [0x00000000030f2520, 0x00000000030f2b58]
Event: 726.491 Thread 0x0000000017b07000 3917       3       com.sun.javafx.font.directwrite.DWFontStrike::getQuantizedPosition (151 bytes)
Event: 726.492 Thread 0x0000000017b07000 nmethod 3917 0x0000000003809510 code [0x00000000038096c0, 0x0000000003809b38]
Event: 726.492 Thread 0x0000000017b07000 3918   !   3       com.sun.prism.impl.GlyphCache::getCachedGlyph (461 bytes)
Event: 726.497 Thread 0x0000000017b07000 nmethod 3918 0x00000000036aedd0 code [0x00000000036af320, 0x00000000036b2598]
Event: 726.497 Thread 0x0000000017b07000 3919       3       com.sun.prism.impl.GlyphCache::addDataToQuad (305 bytes)
Event: 726.498 Thread 0x0000000017aff800 nmethod 3915 0x00000000033b5850 code [0x00000000033b5a20, 0x00000000033b60d0]
Event: 726.498 Thread 0x0000000017b07000 nmethod 3919 0x0000000003a15210 code [0x0000000003a15440, 0x0000000003a15f28]

GC Heap History (10 events):
Event: 725.993 GC heap before
{Heap before GC invocations=961 (full 6):
 PSYoungGen      total 400896K, used 305679K [0x00000000d5e00000, 0x00000000f5c00000, 0x0000000100000000)
  eden space 296960K, 99% used [0x00000000d5e00000,0x00000000e7e662a0,0x00000000e8000000)
  from space 103936K, 9% used [0x00000000ef680000,0x00000000f009dcb8,0x00000000f5c00000)
  to   space 112640K, 0% used [0x00000000e8000000,0x00000000e8000000,0x00000000eee00000)
 ParOldGen       total 1106944K, used 974026K [0x0000000081a00000, 0x00000000c5300000, 0x00000000d5e00000)
  object space 1106944K, 87% used [0x0000000081a00000,0x00000000bd132a88,0x00000000c5300000)
 Metaspace       used 14701K, capacity 15164K, committed 15488K, reserved 1062912K
  class space    used 1989K, capacity 2113K, committed 2176K, reserved 1048576K
Event: 726.000 GC heap after
Heap after GC invocations=961 (full 6):
 PSYoungGen      total 409600K, used 11144K [0x00000000d5e00000, 0x00000000f5b00000, 0x0000000100000000)
  eden space 296960K, 0% used [0x00000000d5e00000,0x00000000d5e00000,0x00000000e8000000)
  from space 112640K, 9% used [0x00000000e8000000,0x00000000e8ae2158,0x00000000eee00000)
  to   space 104448K, 0% used [0x00000000ef500000,0x00000000ef500000,0x00000000f5b00000)
 ParOldGen       total 1106944K, used 974026K [0x0000000081a00000, 0x00000000c5300000, 0x00000000d5e00000)
  object space 1106944K, 87% used [0x0000000081a00000,0x00000000bd132a88,0x00000000c5300000)
 Metaspace       used 14701K, capacity 15164K, committed 15488K, reserved 1062912K
  class space    used 1989K, capacity 2113K, committed 2176K, reserved 1048576K
}
Event: 726.090 GC heap before
{Heap before GC invocations=962 (full 6):
 PSYoungGen      total 409600K, used 305129K [0x00000000d5e00000, 0x00000000f5b00000, 0x0000000100000000)
  eden space 296960K, 98% used [0x00000000d5e00000,0x00000000e7d185a0,0x00000000e8000000)
  from space 112640K, 9% used [0x00000000e8000000,0x00000000e8ae2158,0x00000000eee00000)
  to   space 104448K, 0% used [0x00000000ef500000,0x00000000ef500000,0x00000000f5b00000)
 ParOldGen       total 1106944K, used 974026K [0x0000000081a00000, 0x00000000c5300000, 0x00000000d5e00000)
  object space 1106944K, 87% used [0x0000000081a00000,0x00000000bd132a88,0x00000000c5300000)
 Metaspace       used 14701K, capacity 15164K, committed 15488K, reserved 1062912K
  class space    used 1989K, capacity 2113K, committed 2176K, reserved 1048576K
Event: 726.101 GC heap after
Heap after GC invocations=962 (full 6):
 PSYoungGen      total 401408K, used 11837K [0x00000000d5e00000, 0x00000000f4c00000, 0x0000000100000000)
  eden space 312320K, 0% used [0x00000000d5e00000,0x00000000d5e00000,0x00000000e8f00000)
  from space 89088K, 13% used [0x00000000ef500000,0x00000000f008f6c8,0x00000000f4c00000)
  to   space 96768K, 0% used [0x00000000e8f00000,0x00000000e8f00000,0x00000000eed80000)
 ParOldGen       total 1106944K, used 974026K [0x0000000081a00000, 0x00000000c5300000, 0x00000000d5e00000)
  object space 1106944K, 87% used [0x0000000081a00000,0x00000000bd132a88,0x00000000c5300000)
 Metaspace       used 14701K, capacity 15164K, committed 15488K, reserved 1062912K
  class space    used 1989K, capacity 2113K, committed 2176K, reserved 1048576K
}
Event: 726.197 GC heap before
{Heap before GC invocations=963 (full 6):
 PSYoungGen      total 401408K, used 320835K [0x00000000d5e00000, 0x00000000f4c00000, 0x0000000100000000)
  eden space 312320K, 98% used [0x00000000d5e00000,0x00000000e8bc16b8,0x00000000e8f00000)
  from space 89088K, 13% used [0x00000000ef500000,0x00000000f008f6c8,0x00000000f4c00000)
  to   space 96768K, 0% used [0x00000000e8f00000,0x00000000e8f00000,0x00000000eed80000)
 ParOldGen       total 1106944K, used 974026K [0x0000000081a00000, 0x00000000c5300000, 0x00000000d5e00000)
  object space 1106944K, 87% used [0x0000000081a00000,0x00000000bd132a88,0x00000000c5300000)
 Metaspace       used 14701K, capacity 15164K, committed 15488K, reserved 1062912K
  class space    used 1989K, capacity 2113K, committed 2176K, reserved 1048576K
Event: 726.209 GC heap after
Heap after GC invocations=963 (full 6):
 PSYoungGen      total 409088K, used 8897K [0x00000000d5e00000, 0x00000000f5080000, 0x0000000100000000)
  eden space 312320K, 0% used [0x00000000d5e00000,0x00000000d5e00000,0x00000000e8f00000)
  from space 96768K, 9% used [0x00000000e8f00000,0x00000000e97b0658,0x00000000eed80000)
  to   space 90624K, 0% used [0x00000000ef800000,0x00000000ef800000,0x00000000f5080000)
 ParOldGen       total 1106944K, used 974026K [0x0000000081a00000, 0x00000000c5300000, 0x00000000d5e00000)
  object space 1106944K, 87% used [0x0000000081a00000,0x00000000bd132a88,0x00000000c5300000)
 Metaspace       used 14701K, capacity 15164K, committed 15488K, reserved 1062912K
  class space    used 1989K, capacity 2113K, committed 2176K, reserved 1048576K
}
Event: 726.301 GC heap before
{Heap before GC invocations=964 (full 6):
 PSYoungGen      total 409088K, used 319243K [0x00000000d5e00000, 0x00000000f5080000, 0x0000000100000000)
  eden space 312320K, 99% used [0x00000000d5e00000,0x00000000e8d12600,0x00000000e8f00000)
  from space 96768K, 9% used [0x00000000e8f00000,0x00000000e97b0658,0x00000000eed80000)
  to   space 90624K, 0% used [0x00000000ef800000,0x00000000ef800000,0x00000000f5080000)
 ParOldGen       total 1106944K, used 974026K [0x0000000081a00000, 0x00000000c5300000, 0x00000000d5e00000)
  object space 1106944K, 87% used [0x0000000081a00000,0x00000000bd132a88,0x00000000c5300000)
 Metaspace       used 14701K, capacity 15164K, committed 15488K, reserved 1062912K
  class space    used 1989K, capacity 2113K, committed 2176K, reserved 1048576K
Event: 726.311 GC heap after
Heap after GC invocations=964 (full 6):
 PSYoungGen      total 405504K, used 13107K [0x00000000d5e00000, 0x00000000f4300000, 0x0000000100000000)
  eden space 328704K, 0% used [0x00000000d5e00000,0x00000000d5e00000,0x00000000e9f00000)
  from space 76800K, 17% used [0x00000000ef800000,0x00000000f04cced8,0x00000000f4300000)
  to   space 83968K, 0% used [0x00000000e9f00000,0x00000000e9f00000,0x00000000ef100000)
 ParOldGen       total 1106944K, used 974026K [0x0000000081a00000, 0x00000000c5300000, 0x00000000d5e00000)
  object space 1106944K, 87% used [0x0000000081a00000,0x00000000bd132a88,0x00000000c5300000)
 Metaspace       used 14701K, capacity 15164K, committed 15488K, reserved 1062912K
  class space    used 1989K, capacity 2113K, committed 2176K, reserved 1048576K
}
Event: 726.420 GC heap before
{Heap before GC invocations=965 (full 6):
 PSYoungGen      total 405504K, used 338536K [0x00000000d5e00000, 0x00000000f4300000, 0x0000000100000000)
  eden space 328704K, 99% used [0x00000000d5e00000,0x00000000e9bcd138,0x00000000e9f00000)
  from space 76800K, 17% used [0x00000000ef800000,0x00000000f04cced8,0x00000000f4300000)
  to   space 83968K, 0% used [0x00000000e9f00000,0x00000000e9f00000,0x00000000ef100000)
 ParOldGen       total 1106944K, used 974026K [0x0000000081a00000, 0x00000000c5300000, 0x00000000d5e00000)
  object space 1106944K, 87% used [0x0000000081a00000,0x00000000bd132a88,0x00000000c5300000)
 Metaspace       used 14701K, capacity 15164K, committed 15488K, reserved 1062912K
  class space    used 1989K, capacity 2113K, committed 2176K, reserved 1048576K
Event: 726.428 GC heap after
Heap after GC invocations=965 (full 6):
 PSYoungGen      total 412672K, used 13668K [0x00000000d5e00000, 0x00000000f4680000, 0x0000000100000000)
  eden space 328704K, 0% used [0x00000000d5e00000,0x00000000d5e00000,0x00000000e9f00000)
  from space 83968K, 16% used [0x00000000e9f00000,0x00000000eac593e8,0x00000000ef100000)
  to   space 77312K, 0% used [0x00000000efb00000,0x00000000efb00000,0x00000000f4680000)
 ParOldGen       total 1106944K, used 974026K [0x0000000081a00000, 0x00000000c5300000, 0x00000000d5e00000)
  object space 1106944K, 87% used [0x0000000081a00000,0x00000000bd132a88,0x00000000c5300000)
 Metaspace       used 14701K, capacity 15164K, committed 15488K, reserved 1062912K
  class space    used 1989K, capacity 2113K, committed 2176K, reserved 1048576K
}

Deoptimization events (10 events):
Event: 725.358 Thread 0x0000000019bb7800 Uncommon trap: reason=unstable_if action=reinterpret pc=0x000000000388a4c0 method=com.sun.openpisces.Stroker.moveTo(FF)V @ 5
Event: 725.359 Thread 0x0000000019bb7800 Uncommon trap: reason=unstable_if action=reinterpret pc=0x00000000034003f4 method=com.sun.openpisces.Stroker.lineTo(FF)V @ 25
Event: 725.613 Thread 0x0000000019bb7800 Uncommon trap: reason=speculate_class_check action=maybe_recompile pc=0x00000000036a6828 method=javafx.scene.Node.impl_pickNode(Lcom/sun/javafx/geom/PickRay;Lcom/sun/javafx/scene/input/PickResultChooser;)V @ 101
Event: 725.613 Thread 0x0000000019bb7800 Uncommon trap: reason=speculate_class_check action=maybe_recompile pc=0x00000000036a6828 method=javafx.scene.Node.impl_pickNode(Lcom/sun/javafx/geom/PickRay;Lcom/sun/javafx/scene/input/PickResultChooser;)V @ 101
Event: 725.613 Thread 0x0000000019bb7800 Uncommon trap: reason=speculate_class_check action=maybe_recompile pc=0x00000000036a6828 method=javafx.scene.Node.impl_pickNode(Lcom/sun/javafx/geom/PickRay;Lcom/sun/javafx/scene/input/PickResultChooser;)V @ 101
Event: 726.481 Thread 0x0000000019bb7800 Uncommon trap: reason=unstable_if action=reinterpret pc=0x000000000326e7ac method=com.sun.javafx.geom.Shape.pointCrossingsForLine(FFFFFF)I @ 33
Event: 726.485 Thread 0x0000000019bce000 Uncommon trap: reason=unstable_if action=reinterpret pc=0x00000000032ebd90 method=com.sun.javafx.tk.quantum.QuantumToolkit.postPulse()V @ 37
Event: 726.485 Thread 0x0000000019b52800 Uncommon trap: reason=unstable_if action=reinterpret pc=0x00000000032d9d50 method=com.sun.prism.impl.ps.BaseShaderContext.setRenderTarget(Lcom/sun/prism/RenderTarget;Lcom/sun/javafx/sg/prism/NGCamera;ZZ)V @ 54
Event: 726.488 Thread 0x0000000019b52800 Uncommon trap: reason=unstable_if action=reinterpret pc=0x00000000031dbd18 method=com.sun.javafx.sg.prism.NGRegion.roundUp(D)I @ 7
Event: 726.490 Thread 0x0000000019b52800 Uncommon trap: reason=unstable_if action=reinterpret pc=0x00000000034e44a8 method=com.sun.javafx.sg.prism.NGRegion.getCacheKey(II)Ljava/lang/Integer; @ 4

Internal exceptions (10 events):
Event: 656.708 Thread 0x0000000019bb7800 Implicit null exception at 0x0000000003771e9d to 0x0000000003772801
Event: 656.708 Thread 0x0000000019bb7800 Implicit null exception at 0x00000000037a0064 to 0x00000000037a1021
Event: 656.708 Thread 0x0000000019bb7800 Implicit null exception at 0x000000000376ea39 to 0x000000000376eda1
Event: 656.836 Thread 0x0000000019bb7800 Implicit null exception at 0x0000000003754ff8 to 0x0000000003755045
Event: 656.836 Thread 0x0000000019bb7800 Implicit null exception at 0x000000000385641b to 0x0000000003856965
Event: 657.933 Thread 0x0000000019b52800 Implicit null exception at 0x000000000382685a to 0x00000000038268e1
Event: 658.412 Thread 0x0000000019b52800 Implicit null exception at 0x00000000037b8a68 to 0x00000000037b8d31
Event: 666.068 Thread 0x0000000019b52800 Implicit null exception at 0x00000000032ed94f to 0x00000000032eda5d
Event: 666.103 Thread 0x0000000019b52800 Implicit null exception at 0x000000000371c0d6 to 0x000000000371efc1
Event: 666.103 Thread 0x0000000019b52800 Implicit null exception at 0x0000000003a2a9d3 to 0x0000000003a2aabd

Events (10 events):
Event: 726.497 Thread 0x0000000017b07000 flushing nmethod 0x00000000034bf210
Event: 726.497 Thread 0x0000000017b07000 flushing nmethod 0x00000000034dddd0
Event: 726.499 Thread 0x0000000017b07000 flushing nmethod 0x00000000035dcc10
Event: 726.499 Thread 0x0000000017b07000 flushing nmethod 0x00000000035dcf50
Event: 726.499 Thread 0x0000000017b07000 flushing nmethod 0x00000000035f1b10
Event: 726.499 Thread 0x0000000017b07000 flushing nmethod 0x00000000035f1e50
Event: 726.499 Thread 0x0000000017b07000 flushing nmethod 0x00000000035f2190
Event: 726.499 Thread 0x0000000017b07000 flushing nmethod 0x00000000035f24d0
Event: 726.499 Thread 0x0000000017b07000 flushing nmethod 0x00000000035f2810
Event: 726.499 Thread 0x0000000017b07000 flushing nmethod 0x00000000035f2b50


Dynamic libraries:
0x00007ff6ed960000 - 0x00007ff6ed997000 	C:\Program Files\Java\jdk1.8.0_111\bin\java.exe
0x00007ffa28e30000 - 0x00007ffa29011000 	C:\WINDOWS\SYSTEM32\ntdll.dll
0x00007ffa28260000 - 0x00007ffa28312000 	C:\WINDOWS\System32\KERNEL32.DLL
0x00007ffa255a0000 - 0x00007ffa25813000 	C:\WINDOWS\System32\KERNELBASE.dll
0x00000000536b0000 - 0x0000000053739000 	C:\WINDOWS\System32\SYSFER.DLL
0x00007ffa27e70000 - 0x00007ffa27f11000 	C:\WINDOWS\System32\ADVAPI32.dll
0x00007ffa26620000 - 0x00007ffa266be000 	C:\WINDOWS\System32\msvcrt.dll
0x00007ffa266f0000 - 0x00007ffa2674b000 	C:\WINDOWS\System32\sechost.dll
0x00007ffa264f0000 - 0x00007ffa26614000 	C:\WINDOWS\System32\RPCRT4.dll
0x00007ffa280a0000 - 0x00007ffa28230000 	C:\WINDOWS\System32\USER32.dll
0x00007ffa253d0000 - 0x00007ffa253f0000 	C:\WINDOWS\System32\win32u.dll
0x00007ffa28230000 - 0x00007ffa28258000 	C:\WINDOWS\System32\GDI32.dll
0x00007ffa25820000 - 0x00007ffa259b2000 	C:\WINDOWS\System32\gdi32full.dll
0x00007ffa25260000 - 0x00007ffa252ff000 	C:\WINDOWS\System32\msvcp_win.dll
0x00007ffa253f0000 - 0x00007ffa254ea000 	C:\WINDOWS\System32\ucrtbase.dll
0x00007ffa14f10000 - 0x00007ffa15179000 	C:\WINDOWS\WinSxS\amd64_microsoft.windows.common-controls_6595b64144ccf1df_6.0.17134.590_none_fb3d9bff3069e088\COMCTL32.dll
0x00007ffa28380000 - 0x00007ffa286a2000 	C:\WINDOWS\System32\combase.dll
0x00007ffa25300000 - 0x00007ffa2537a000 	C:\WINDOWS\System32\bcryptPrimitives.dll
0x00007ffa266c0000 - 0x00007ffa266ed000 	C:\WINDOWS\System32\IMM32.DLL
0x0000000053560000 - 0x0000000053632000 	C:\Program Files\Java\jdk1.8.0_111\jre\bin\msvcr100.dll
0x0000000051120000 - 0x00000000519ba000 	C:\Program Files\Java\jdk1.8.0_111\jre\bin\server\jvm.dll
0x00007ffa26760000 - 0x00007ffa26768000 	C:\WINDOWS\System32\PSAPI.DLL
0x00007ffa14e80000 - 0x00007ffa14e89000 	C:\WINDOWS\SYSTEM32\WSOCK32.dll
0x00007ffa26390000 - 0x00007ffa263fc000 	C:\WINDOWS\System32\WS2_32.dll
0x00007ffa21f70000 - 0x00007ffa21f93000 	C:\WINDOWS\SYSTEM32\WINMM.dll
0x00007ffa1c9e0000 - 0x00007ffa1c9ea000 	C:\WINDOWS\SYSTEM32\VERSION.dll
0x00007ffa21f40000 - 0x00007ffa21f6a000 	C:\WINDOWS\SYSTEM32\WINMMBASE.dll
0x00007ffa25380000 - 0x00007ffa253c9000 	C:\WINDOWS\System32\cfgmgr32.dll
0x0000000053550000 - 0x000000005355f000 	C:\Program Files\Java\jdk1.8.0_111\jre\bin\verify.dll
0x0000000053520000 - 0x0000000053549000 	C:\Program Files\Java\jdk1.8.0_111\jre\bin\java.dll
0x0000000053500000 - 0x0000000053516000 	C:\Program Files\Java\jdk1.8.0_111\jre\bin\zip.dll
0x00007ffa26770000 - 0x00007ffa27bb0000 	C:\WINDOWS\System32\SHELL32.dll
0x00007ffa28900000 - 0x00007ffa289a9000 	C:\WINDOWS\System32\shcore.dll
0x00007ffa25bb0000 - 0x00007ffa262bd000 	C:\WINDOWS\System32\windows.storage.dll
0x00007ffa28840000 - 0x00007ffa28891000 	C:\WINDOWS\System32\shlwapi.dll
0x00007ffa251e0000 - 0x00007ffa251f1000 	C:\WINDOWS\System32\kernel.appcore.dll
0x00007ffa251c0000 - 0x00007ffa251df000 	C:\WINDOWS\System32\profapi.dll
0x00007ffa25170000 - 0x00007ffa251bc000 	C:\WINDOWS\System32\powrprof.dll
0x00007ffa25140000 - 0x00007ffa2514a000 	C:\WINDOWS\System32\FLTLIB.DLL
0x00007ffa02fc0000 - 0x00007ffa030af000 	C:\Program Files\Java\jdk1.8.0_111\jre\bin\msvcr120.dll
0x00007ffa036d0000 - 0x00007ffa03776000 	C:\Program Files\Java\jdk1.8.0_111\jre\bin\msvcp120.dll
0x00000000534d0000 - 0x00000000534f2000 	C:\Program Files\Java\jdk1.8.0_111\jre\bin\prism_d3d.dll
0x00007ff9e9b10000 - 0x00007ff9e9ca7000 	C:\WINDOWS\system32\d3d9.dll
0x00007ffa23af0000 - 0x00007ffa23b19000 	C:\WINDOWS\SYSTEM32\dwmapi.dll
0x00007ffa236d0000 - 0x00007ffa23768000 	C:\WINDOWS\system32\uxtheme.dll
0x00007ff9d06e0000 - 0x00007ff9d2c1d000 	C:\WINDOWS\SYSTEM32\igdumdim64.dll
0x00007ffa262c0000 - 0x00007ffa26383000 	C:\WINDOWS\System32\OLEAUT32.dll
0x00007ffa286b0000 - 0x00007ffa28801000 	C:\WINDOWS\System32\ole32.dll
0x00007ffa289b0000 - 0x00007ffa28dfb000 	C:\WINDOWS\System32\SETUPAPI.dll
0x0000000053480000 - 0x00000000534c3000 	C:\Program Files\Java\jdk1.8.0_111\jre\bin\glass.dll
0x00007ffa26400000 - 0x00007ffa264ed000 	C:\WINDOWS\System32\COMDLG32.dll
0x00007ffa27f20000 - 0x00007ffa28093000 	C:\WINDOWS\System32\MSCTF.dll
0x00007ffa1e060000 - 0x00007ffa1ea9f000 	C:\WINDOWS\SYSTEM32\igdusc64.dll
0x0000000053460000 - 0x0000000053474000 	C:\Program Files\Java\jdk1.8.0_111\jre\bin\javafx_font.dll
0x00007ffa10bb0000 - 0x00007ffa10ecc000 	C:\WINDOWS\SYSTEM32\dwrite.dll
0x00007ffa27dd0000 - 0x00007ffa27e70000 	C:\WINDOWS\System32\clbcatq.dll
0x00007ffa21760000 - 0x00007ffa2190e000 	C:\WINDOWS\SYSTEM32\WindowsCodecs.dll
0x00007ffa04920000 - 0x00007ffa04978000 	C:\WINDOWS\system32\dataexchange.dll
0x00007ffa220a0000 - 0x00007ffa223ab000 	C:\WINDOWS\system32\d3d11.dll
0x00007ffa22db0000 - 0x00007ffa22f4c000 	C:\WINDOWS\system32\dcomp.dll
0x00007ffa23e40000 - 0x00007ffa23efb000 	C:\WINDOWS\system32\dxgi.dll
0x00007ffa23850000 - 0x00007ffa23a08000 	C:\WINDOWS\system32\twinapi.appcore.dll
0x00007ffa23770000 - 0x00007ffa23799000 	C:\WINDOWS\system32\RMCLIENT.dll
0x00007ffa061f0000 - 0x00007ffa06224000 	C:\Program Files\Common Files\Microsoft Shared\Ink\rtscom.dll
0x00007ffa1a090000 - 0x00007ffa1a126000 	C:\WINDOWS\System32\TextInputFramework.dll
0x00007ffa212c0000 - 0x00007ffa215de000 	C:\WINDOWS\System32\CoreUIComponents.dll
0x00007ffa23290000 - 0x00007ffa2336a000 	C:\WINDOWS\System32\CoreMessaging.dll
0x00007ffa242b0000 - 0x00007ffa242e1000 	C:\WINDOWS\SYSTEM32\ntmarta.dll
0x00007ffa21030000 - 0x00007ffa2117d000 	C:\WINDOWS\SYSTEM32\wintypes.dll
0x0000000053440000 - 0x0000000053451000 	C:\Program Files\Java\jdk1.8.0_111\jre\bin\prism_common.dll
0x00007ffa227e0000 - 0x00007ffa22da7000 	C:\WINDOWS\SYSTEM32\d2d1.dll
0x00007ff9ed3f0000 - 0x00007ff9edb6e000 	C:\WINDOWS\SYSTEM32\D3D10Warp.dll

VM Arguments:
java_command: TestGraphs
java_class_path (initial): .
Launcher Type: SUN_STANDARD

Environment Variables:
PATH=C:\Program Files\Git\mingw64\bin;C:\Program Files\Git\usr\bin;C:\Users\babeh_000\bin;C:\Program Files\Java\jdk1.8.0_111\bin;C:\Program Files (x86)\Lenovo\FusionEngine;C:\Program Files (x86)\Intel\iCLS Client\;C:\Program Files\Intel\iCLS Client\;C:\WINDOWS\system32;C:\WINDOWS;C:\WINDOWS\System32\Wbem;C:\WINDOWS\System32\WindowsPowerShell\v1.0\;C:\Program Files\Intel\Intel(R) Management Engine Components\DAL;C:\Program Files\Intel\Intel(R) Management Engine Components\IPT;C:\Program Files (x86)\Intel\Intel(R) Management Engine Components\DAL;C:\Program Files (x86)\Intel\Intel(R) Management Engine Components\IPT;C:\Program Files\Intel\WiFi\bin\;C:\Program Files\Common Files\Intel\WirelessCommon\;C:\Program Files (x86)\Common Files\lenovo\easyplussdk\bin;C:\Program Files\MATLAB\R2017b\bin;C:\Program Files\Git\cmd;C:\Program Files (x86)\QuickTime\QTSystem\;C:\Program Files\nodejs\;C:\Program Files\dotnet\;C:\WINDOWS\System32\OpenSSH\;C:\Program Files\PuTTY\;C:\Users\babeh_000\AppData\Local\Programs\Python\Python36-32\Scripts\;C:\Users\babeh_000\AppData\Local\Programs\Python\Python36-32\;C:\Program Files (x86)\Microsoft VS Code\bin;C:\Users\babeh_000\AppData\Local\Microsoft\WindowsApps;C:\Users\babeh_000\AppData\Roaming\npm
USERNAME=babeh_000
OS=Windows_NT
PROCESSOR_IDENTIFIER=Intel64 Family 6 Model 69 Stepping 1, GenuineIntel



---------------  S Y S T E M  ---------------

OS: Windows 10.0 , 64 bit Build 17134 (10.0.17134.556)

CPU:total 4 (2 cores per cpu, 2 threads per core) family 6 model 69 stepping 1, cmov, cx8, fxsr, mmx, sse, sse2, sse3, ssse3, sse4.1, sse4.2, popcnt, avx, avx2, aes, clmul, erms, lzcnt, ht, tsc, tscinvbit, bmi1, bmi2

Memory: 4k page, physical 8278296k(2907816k free), swap 10768664k(3842944k free)

vm_info: Java HotSpot(TM) 64-Bit Server VM (25.111-b14) for windows-amd64 JRE (1.8.0_111-b14), built on Sep 22 2016 19:24:05 by "java_re" with MS VC++ 10.0 (VS2010)

time: Fri Feb 15 12:21:15 2019
elapsed time: 728 seconds (0d 0h 12m 8s)

